Script started at 07:48:21
07:48:24 | Dev=CMF Buds 2a | Conn=YES | Exe=YES | Proc=NO | LAUNCHED
07:48:27 | Dev=CMF Buds 2a | Conn=YES | Exe=YES | Proc=YES | ALREADY_RUNNING
07:48:30 | Dev=CMF Buds 2a | Conn=YES | Exe=YES | Proc=YES | ALREADY_RUNNING
07:48:33 | Dev=CMF Buds 2a | Conn=YES | Exe=YES | Proc=YES | ALREADY_RUNNING
07:48:36 | Dev=CMF Buds 2a | Conn=YES | Exe=YES | Proc=YES | ALREADY_RUNNING
07:48:39 | Dev=CMF Buds 2a | Conn=YES | Exe=YES | Proc=YES | ALREADY_RUNNING
07:48:42 | Dev=CMF Buds 2a | Conn=YES | Exe=YES | Proc=YES | ALREADY_RUNNING
07:48:45 | Dev=CMF Buds 2a | Conn=YES | Exe=YES | Proc=YES | ALREADY_RUNNING
07:48:48 | Dev=CMF Buds 2a | Conn=YES | Exe=YES | Proc=YES | ALREADY_RUNNING
07:48:51 | Dev=CMF Buds 2a | Conn=YES | Exe=YES | Proc=YES | ALREADY_RUNNING
07:48:54 | Dev=CMF Buds 2a | Conn=YES | Exe=YES | Proc=YES | ALREADY_RUNNING
07:48:57 | Dev=CMF Buds 2a | Conn=YES | Exe=YES | Proc=YES | ALREADY_RUNNING
07:49:00 | Dev=CMF Buds 2a | Conn=YES | Exe=YES | Proc=YES | ALREADY_RUNNING
Script started at 07:56:04
07:56:07 | Dev=CMF Buds 2a | Conn=NO | Exe=YES | Proc=NO | NOT_CONNECTED
07:56:10 | Dev=CMF Buds 2a | Conn=NO | Exe=YES | Proc=NO | NOT_CONNECTED
07:56:13 | Dev=CMF Buds 2a | Conn=NO | Exe=YES | Proc=NO | NOT_CONNECTED
07:56:16 | Dev=CMF Buds 2a | Conn=NO | Exe=YES | Proc=NO | NOT_CONNECTED
07:56:19 | Dev=CMF Buds 2a | Conn=YES | Exe=YES | Proc=NO | LAUNCHED
07:56:22 | Dev=CMF Buds 2a | Conn=YES | Exe=YES | Proc=YES | ALREADY_RUNNING
07:56:25 | Dev=CMF Buds 2a | Conn=YES | Exe=YES | Proc=YES | ALREADY_RUNNING
07:56:28 | Dev=CMF Buds 2a | Conn=YES | Exe=YES | Proc=YES | ALREADY_RUNNING
07:56:31 | Dev=CMF Buds 2a | Conn=YES | Exe=YES | Proc=YES | ALREADY_RUNNING
07:56:34 | Dev=CMF Buds 2a | Conn=YES | Exe=YES | Proc=YES | ALREADY_RUNNING
07:56:37 | Dev=CMF Buds 2a | Conn=YES | Exe=YES | Proc=YES | ALREADY_RUNNING
07:56:40 | Dev=CMF Buds 2a | Conn=YES | Exe=YES | Proc=YES | ALREADY_RUNNING
07:56:43 | Dev=CMF Buds 2a | Conn=YES | Exe=YES | Proc=YES | ALREADY_RUNNING
07:56:46 | Dev=CMF Buds 2a | Conn=YES | Exe=YES | Proc=YES | ALREADY_RUNNING
07:56:49 | Dev=CMF Buds 2a | Conn=YES | Exe=YES | Proc=YES | ALREADY_RUNNING
07:56:52 | Dev=CMF Buds 2a | Conn=YES | Exe=YES | Proc=YES | ALREADY_RUNNING
07:56:55 | Dev=CMF Buds 2a | Conn=YES | Exe=YES | Proc=YES | ALREADY_RUNNING
07:56:58 | Dev=CMF Buds 2a | Conn=YES | Exe=YES | Proc=YES | ALREADY_RUNNING
07:57:01 | Dev=CMF Buds 2a | Conn=YES | Exe=YES | Proc=YES | ALREADY_RUNNING
07:57:04 | Dev=CMF Buds 2a | Conn=YES | Exe=YES | Proc=YES | ALREADY_RUNNING
07:57:07 | Dev=CMF Buds 2a | Conn=YES | Exe=YES | Proc=YES | ALREADY_RUNNING
07:57:10 | Dev=CMF Buds 2a | Conn=YES | Exe=YES | Proc=YES | ALREADY_RUNNING
07:57:13 | Dev=CMF Buds 2a | Conn=YES | Exe=YES | Proc=YES | ALREADY_RUNNING
07:57:16 | Dev=CMF Buds 2a | Conn=YES | Exe=YES | Proc=YES | ALREADY_RUNNING
07:57:19 | Dev=CMF Buds 2a | Conn=YES | Exe=YES | Proc=YES | ALREADY_RUNNING
07:57:22 | Dev=CMF Buds 2a | Conn=YES | Exe=YES | Proc=YES | ALREADY_RUNNING
07:57:25 | Dev=CMF Buds 2a | Conn=YES | Exe=YES | Proc=YES | ALREADY_RUNNING
07:57:28 | Dev=CMF Buds 2a | Conn=YES | Exe=YES | Proc=YES | ALREADY_RUNNING
07:57:31 | Dev=CMF Buds 2a | Conn=YES | Exe=YES | Proc=YES | ALREADY_RUNNING
07:57:34 | Dev=CMF Buds 2a | Conn=YES | Exe=YES | Proc=YES | ALREADY_RUNNING
07:57:37 | Dev=CMF Buds 2a | Conn=YES | Exe=YES | Proc=YES | ALREADY_RUNNING
07:57:40 | Dev=CMF Buds 2a | Conn=YES | Exe=YES | Proc=YES | ALREADY_RUNNING
07:57:43 | Dev=CMF Buds 2a | Conn=YES | Exe=YES | Proc=YES | ALREADY_RUNNING
07:57:46 | Dev=CMF Buds 2a | Conn=YES | Exe=YES | Proc=YES | ALREADY_RUNNING
07:57:49 | Dev=CMF Buds 2a | Conn=YES | Exe=YES | Proc=YES | ALREADY_RUNNING
07:57:52 | Dev=CMF Buds 2a | Conn=YES | Exe=YES | Proc=YES | ALREADY_RUNNING
07:57:55 | Dev=CMF Buds 2a | Conn=YES | Exe=YES | Proc=YES | ALREADY_RUNNING
07:57:58 | Dev=CMF Buds 2a | Conn=YES | Exe=YES | Proc=YES | ALREADY_RUNNING
07:58:01 | Dev=CMF Buds 2a | Conn=YES | Exe=YES | Proc=YES | ALREADY_RUNNING
07:58:04 | Dev=CMF Buds 2a | Conn=YES | Exe=YES | Proc=YES | ALREADY_RUNNING
07:58:07 | Dev=CMF Buds 2a | Conn=YES | Exe=YES | Proc=YES | ALREADY_RUNNING
07:58:10 | Dev=CMF Buds 2a | Conn=YES | Exe=YES | Proc=YES | ALREADY_RUNNING
07:58:13 | Dev=CMF Buds 2a | Conn=YES | Exe=YES | Proc=YES | ALREADY_RUNNING
07:58:16 | Dev=CMF Buds 2a | Conn=YES | Exe=YES | Proc=YES | ALREADY_RUNNING
07:58:19 | Dev=CMF Buds 2a | Conn=YES | Exe=YES | Proc=NO | LAUNCHED
07:58:22 | Dev=CMF Buds 2a | Conn=YES | Exe=YES | Proc=YES | ALREADY_RUNNING
07:58:25 | Dev=CMF Buds 2a | Conn=YES | Exe=YES | Proc=YES | ALREADY_RUNNING
07:58:28 | Dev=CMF Buds 2a | Conn=YES | Exe=YES | Proc=YES | ALREADY_RUNNING
07:58:31 | Dev=CMF Buds 2a | Conn=YES | Exe=YES | Proc=YES | ALREADY_RUNNING
07:58:34 | Dev=CMF Buds 2a | Conn=YES | Exe=YES | Proc=YES | ALREADY_RUNNING
07:58:37 | Dev=CMF Buds 2a | Conn=YES | Exe=YES | Proc=YES | ALREADY_RUNNING
07:58:40 | Dev=CMF Buds 2a | Conn=YES | Exe=YES | Proc=YES | ALREADY_RUNNING
07:58:43 | Dev=CMF Buds 2a | Conn=YES | Exe=YES | Proc=YES | ALREADY_RUNNING
07:58:46 | Dev=CMF Buds 2a | Conn=YES | Exe=YES | Proc=YES | ALREADY_RUNNING
07:58:49 | Dev=CMF Buds 2a | Conn=YES | Exe=YES | Proc=YES | ALREADY_RUNNING
07:58:52 | Dev=CMF Buds 2a | Conn=YES | Exe=NO | Proc=YES | ALREADY_RUNNING
07:58:55 | Dev=CMF Buds 2a | Conn=YES | Exe=NO | Proc=YES | ALREADY_RUNNING
07:58:58 | Dev=CMF Buds 2a | Conn=YES | Exe=NO | Proc=YES | ALREADY_RUNNING
07:59:01 | Dev=CMF Buds 2a | Conn=YES | Exe=NO | Proc=YES | ALREADY_RUNNING
07:59:04 | Dev=CMF Buds 2a | Conn=YES | Exe=NO | Proc=YES | ALREADY_RUNNING
07:59:07 | Dev=CMF Buds 2a | Conn=YES | Exe=NO | Proc=NO | EXE_NOT_FOUND
07:59:10 | Dev=CMF Buds 2a | Conn=YES | Exe=NO | Proc=NO | EXE_NOT_FOUND
07:59:13 | Dev=CMF Buds 2a | Conn=YES | Exe=NO | Proc=NO | EXE_NOT_FOUND
07:59:16 | Dev=CMF Buds 2a | Conn=YES | Exe=NO | Proc=NO | EXE_NOT_FOUND
07:59:19 | Dev=CMF Buds 2a | Conn=YES | Exe=NO | Proc=NO | EXE_NOT_FOUND
07:59:22 | Dev=CMF Buds 2a | Conn=YES | Exe=NO | Proc=NO | EXE_NOT_FOUND
07:59:25 | Dev=CMF Buds 2a | Conn=YES | Exe=NO | Proc=NO | EXE_NOT_FOUND
07:59:28 | Dev=CMF Buds 2a | Conn=YES | Exe=NO | Proc=NO | EXE_NOT_FOUND
07:59:31 | Dev=CMF Buds 2a | Conn=YES | Exe=NO | Proc=NO | EXE_NOT_FOUND
07:59:34 | Dev=CMF Buds 2a | Conn=YES | Exe=NO | Proc=NO | EXE_NOT_FOUND
07:59:37 | Dev=CMF Buds 2a | Conn=YES | Exe=NO | Proc=NO | EXE_NOT_FOUND
07:59:40 | Dev=CMF Buds 2a | Conn=YES | Exe=NO | Proc=NO | EXE_NOT_FOUND
07:59:43 | Dev=CMF Buds 2a | Conn=YES | Exe=NO | Proc=NO | EXE_NOT_FOUND
07:59:46 | Dev=CMF Buds 2a | Conn=YES | Exe=NO | Proc=NO | EXE_NOT_FOUND
07:59:49 | Dev=CMF Buds 2a | Conn=YES | Exe=NO | Proc=NO | EXE_NOT_FOUND
07:59:52 | Dev=CMF Buds 2a | Conn=YES | Exe=NO | Proc=NO | EXE_NOT_FOUND
07:59:55 | Dev=CMF Buds 2a | Conn=YES | Exe=NO | Proc=NO | EXE_NOT_FOUND
07:59:58 | Dev=CMF Buds 2a | Conn=YES | Exe=NO | Proc=NO | EXE_NOT_FOUND
08:00:01 | Dev=CMF Buds 2a | Conn=YES | Exe=NO | Proc=NO | EXE_NOT_FOUND
08:00:04 | Dev=CMF Buds 2a | Conn=YES | Exe=NO | Proc=NO | EXE_NOT_FOUND
08:00:07 | Dev=CMF Buds 2a | Conn=YES | Exe=NO | Proc=NO | EXE_NOT_FOUND
08:00:10 | Dev=CMF Buds 2a | Conn=YES | Exe=NO | Proc=NO | EXE_NOT_FOUND
08:00:13 | Dev=CMF Buds 2a | Conn=YES | Exe=NO | Proc=NO | EXE_NOT_FOUND
08:00:16 | Dev=CMF Buds 2a | Conn=YES | Exe=NO | Proc=NO | EXE_NOT_FOUND
08:00:19 | Dev=CMF Buds 2a | Conn=YES | Exe=NO | Proc=NO | EXE_NOT_FOUND
08:00:22 | Dev=CMF Buds 2a | Conn=YES | Exe=NO | Proc=NO | EXE_NOT_FOUND
08:00:25 | Dev=CMF Buds 2a | Conn=YES | Exe=NO | Proc=NO | EXE_NOT_FOUND
08:00:28 | Dev=CMF Buds 2a | Conn=YES | Exe=NO | Proc=NO | EXE_NOT_FOUND
08:00:31 | Dev=CMF Buds 2a | Conn=YES | Exe=NO | Proc=NO | EXE_NOT_FOUND
08:00:34 | Dev=CMF Buds 2a | Conn=NO | Exe=NO | Proc=NO | NOT_CONNECTED
08:00:37 | Dev=CMF Buds 2a | Conn=NO | Exe=NO | Proc=NO | NOT_CONNECTED
08:00:40 | Dev=CMF Buds 2a | Conn=NO | Exe=NO | Proc=NO | NOT_CONNECTED
08:00:43 | Dev=CMF Buds 2a | Conn=NO | Exe=NO | Proc=NO | NOT_CONNECTED
08:00:46 | Dev=CMF Buds 2a | Conn=NO | Exe=NO | Proc=NO | NOT_CONNECTED
08:00:49 | Dev=CMF Buds 2a | Conn=NO | Exe=YES | Proc=NO | NOT_CONNECTED
08:00:52 | Dev=CMF Buds 2a | Conn=NO | Exe=YES | Proc=NO | NOT_CONNECTED
08:00:55 | Dev=CMF Buds 2a | Conn=NO | Exe=YES | Proc=NO | NOT_CONNECTED
08:00:58 | Dev=CMF Buds 2a | Conn=NO | Exe=YES | Proc=NO | NOT_CONNECTED
08:01:01 | Dev=CMF Buds 2a | Conn=NO | Exe=YES | Proc=NO | NOT_CONNECTED
08:01:04 | Dev=CMF Buds 2a | Conn=NO | Exe=YES | Proc=NO | NOT_CONNECTED
08:01:07 | Dev=CMF Buds 2a | Conn=NO | Exe=YES | Proc=NO | NOT_CONNECTED
08:01:10 | Dev=CMF Buds 2a | Conn=NO | Exe=YES | Proc=NO | NOT_CONNECTED
08:01:13 | Dev=CMF Buds 2a | Conn=NO | Exe=YES | Proc=NO | NOT_CONNECTED
08:01:16 | Dev=CMF Buds 2a | Conn=NO | Exe=YES | Proc=NO | NOT_CONNECTED
08:01:19 | Dev=CMF Buds 2a | Conn=NO | Exe=YES | Proc=NO | NOT_CONNECTED
08:01:22 | Dev=CMF Buds 2a | Conn=NO | Exe=YES | Proc=NO | NOT_CONNECTED
08:01:25 | Dev=CMF Buds 2a | Conn=NO | Exe=YES | Proc=NO | NOT_CONNECTED
08:01:28 | Dev=CMF Buds 2a | Conn=NO | Exe=YES | Proc=NO | NOT_CONNECTED
08:01:31 | Dev=CMF Buds 2a | Conn=NO | Exe=YES | Proc=NO | NOT_CONNECTED
08:01:34 | Dev=CMF Buds 2a | Conn=NO | Exe=YES | Proc=NO | NOT_CONNECTED
08:01:37 | Dev=CMF Buds 2a | Conn=NO | Exe=YES | Proc=NO | NOT_CONNECTED
08:01:40 | Dev=CMF Buds 2a | Conn=NO | Exe=YES | Proc=NO | NOT_CONNECTED
08:01:43 | Dev=CMF Buds 2a | Conn=NO | Exe=YES | Proc=NO | NOT_CONNECTED
08:01:46 | Dev=CMF Buds 2a | Conn=NO | Exe=YES | Proc=NO | NOT_CONNECTED
08:01:49 | Dev=CMF Buds 2a | Conn=NO | Exe=YES | Proc=NO | NOT_CONNECTED
08:01:52 | Dev=CMF Buds 2a | Conn=NO | Exe=YES | Proc=NO | NOT_CONNECTED
08:01:55 | Dev=CMF Buds 2a | Conn=NO | Exe=YES | Proc=NO | NOT_CONNECTED
08:01:58 | Dev=CMF Buds 2a | Conn=NO | Exe=YES | Proc=NO | NOT_CONNECTED
08:02:01 | Dev=CMF Buds 2a | Conn=NO | Exe=YES | Proc=NO | NOT_CONNECTED
08:02:04 | Dev=CMF Buds 2a | Conn=NO | Exe=YES | Proc=NO | NOT_CONNECTED
08:02:07 | Dev=CMF Buds 2a | Conn=NO | Exe=YES | Proc=NO | NOT_CONNECTED
08:02:10 | Dev=CMF Buds 2a | Conn=NO | Exe=YES | Proc=NO | NOT_CONNECTED
08:02:13 | Dev=CMF Buds 2a | Conn=NO | Exe=YES | Proc=NO | NOT_CONNECTED
08:02:16 | Dev=CMF Buds 2a | Conn=NO | Exe=YES | Proc=NO | NOT_CONNECTED
08:02:19 | Dev=CMF Buds 2a | Conn=NO | Exe=YES | Proc=NO | NOT_CONNECTED
08:02:22 | Dev=CMF Buds 2a | Conn=NO | Exe=YES | Proc=NO | NOT_CONNECTED
08:02:25 | Dev=CMF Buds 2a | Conn=NO | Exe=YES | Proc=NO | NOT_CONNECTED
08:02:28 | Dev=CMF Buds 2a | Conn=NO | Exe=YES | Proc=NO | NOT_CONNECTED
08:02:31 | Dev=CMF Buds 2a | Conn=NO | Exe=YES | Proc=NO | NOT_CONNECTED
08:02:34 | Dev=CMF Buds 2a | Conn=NO | Exe=YES | Proc=NO | NOT_CONNECTED
08:02:37 | Dev=CMF Buds 2a | Conn=NO | Exe=YES | Proc=NO | NOT_CONNECTED
08:02:40 | Dev=CMF Buds 2a | Conn=NO | Exe=YES | Proc=NO | NOT_CONNECTED
08:02:43 | Dev=CMF Buds 2a | Conn=NO | Exe=YES | Proc=NO | NOT_CONNECTED
08:02:46 | Dev=CMF Buds 2a | Conn=NO | Exe=YES | Proc=NO | NOT_CONNECTED
08:02:49 | Dev=CMF Buds 2a | Conn=NO | Exe=YES | Proc=NO | NOT_CONNECTED
08:02:52 | Dev=CMF Buds 2a | Conn=NO | Exe=YES | Proc=NO | NOT_CONNECTED
08:02:55 | Dev=CMF Buds 2a | Conn=NO | Exe=YES | Proc=NO | NOT_CONNECTED
08:02:58 | Dev=CMF Buds 2a | Conn=NO | Exe=YES | Proc=NO | NOT_CONNECTED
08:03:01 | Dev=CMF Buds 2a | Conn=NO | Exe=YES | Proc=NO | NOT_CONNECTED
08:03:04 | Dev=CMF Buds 2a | Conn=NO | Exe=YES | Proc=NO | NOT_CONNECTED
08:03:07 | Dev=CMF Buds 2a | Conn=NO | Exe=YES | Proc=NO | NOT_CONNECTED
08:03:10 | Dev=CMF Buds 2a | Conn=NO | Exe=YES | Proc=NO | NOT_CONNECTED
08:03:13 | Dev=CMF Buds 2a | Conn=NO | Exe=YES | Proc=NO | NOT_CONNECTED
08:03:16 | Dev=CMF Buds 2a | Conn=NO | Exe=YES | Proc=NO | NOT_CONNECTED
08:03:19 | Dev=CMF Buds 2a | Conn=NO | Exe=YES | Proc=NO | NOT_CONNECTED
08:03:22 | Dev=CMF Buds 2a | Conn=NO | Exe=YES | Proc=NO | NOT_CONNECTED
08:03:25 | Dev=CMF Buds 2a | Conn=NO | Exe=YES | Proc=NO | NOT_CONNECTED
08:03:28 | Dev=CMF Buds 2a | Conn=NO | Exe=YES | Proc=NO | NOT_CONNECTED
08:03:31 | Dev=CMF Buds 2a | Conn=NO | Exe=YES | Proc=NO | NOT_CONNECTED
08:03:34 | Dev=CMF Buds 2a | Conn=NO | Exe=YES | Proc=NO | NOT_CONNECTED
08:03:37 | Dev=CMF Buds 2a | Conn=NO | Exe=YES | Proc=NO | NOT_CONNECTED
08:03:40 | Dev=CMF Buds 2a | Conn=NO | Exe=YES | Proc=NO | NOT_CONNECTED
08:03:43 | Dev=CMF Buds 2a | Conn=NO | Exe=YES | Proc=NO | NOT_CONNECTED
08:03:46 | Dev=CMF Buds 2a | Conn=NO | Exe=YES | Proc=NO | NOT_CONNECTED
08:03:49 | Dev=CMF Buds 2a | Conn=NO | Exe=YES | Proc=NO | NOT_CONNECTED
08:03:52 | Dev=CMF Buds 2a | Conn=NO | Exe=YES | Proc=NO | NOT_CONNECTED
08:03:55 | Dev=CMF Buds 2a | Conn=NO | Exe=YES | Proc=NO | NOT_CONNECTED
08:03:58 | Dev=CMF Buds 2a | Conn=NO | Exe=YES | Proc=NO | NOT_CONNECTED
08:04:01 | Dev=CMF Buds 2a | Conn=NO | Exe=YES | Proc=NO | NOT_CONNECTED
08:04:04 | Dev=CMF Buds 2a | Conn=NO | Exe=YES | Proc=NO | NOT_CONNECTED
08:04:07 | Dev=CMF Buds 2a | Conn=NO | Exe=YES | Proc=NO | NOT_CONNECTED
08:04:10 | Dev=CMF Buds 2a | Conn=NO | Exe=YES | Proc=NO | NOT_CONNECTED
08:04:13 | Dev=CMF Buds 2a | Conn=NO | Exe=YES | Proc=NO | NOT_CONNECTED
08:04:16 | Dev=CMF Buds 2a | Conn=NO | Exe=YES | Proc=NO | NOT_CONNECTED
08:04:19 | Dev=CMF Buds 2a | Conn=NO | Exe=YES | Proc=NO | NOT_CONNECTED
08:04:22 | Dev=CMF Buds 2a | Conn=NO | Exe=YES | Proc=NO | NOT_CONNECTED
08:04:25 | Dev=CMF Buds 2a | Conn=NO | Exe=YES | Proc=NO | NOT_CONNECTED
08:04:28 | Dev=CMF Buds 2a | Conn=NO | Exe=YES | Proc=NO | NOT_CONNECTED
08:04:31 | Dev=CMF Buds 2a | Conn=NO | Exe=YES | Proc=NO | NOT_CONNECTED
08:04:34 | Dev=CMF Buds 2a | Conn=NO | Exe=YES | Proc=NO | NOT_CONNECTED
08:04:37 | Dev=CMF Buds 2a | Conn=NO | Exe=YES | Proc=NO | NOT_CONNECTED
08:04:40 | Dev=CMF Buds 2a | Conn=NO | Exe=YES | Proc=NO | NOT_CONNECTED
08:04:43 | Dev=CMF Buds 2a | Conn=NO | Exe=YES | Proc=NO | NOT_CONNECTED
08:04:46 | Dev=CMF Buds 2a | Conn=NO | Exe=YES | Proc=NO | NOT_CONNECTED
08:04:49 | Dev=CMF Buds 2a | Conn=NO | Exe=YES | Proc=NO | NOT_CONNECTED
08:04:52 | Dev=CMF Buds 2a | Conn=NO | Exe=YES | Proc=NO | NOT_CONNECTED
08:04:55 | Dev=CMF Buds 2a | Conn=NO | Exe=YES | Proc=NO | NOT_CONNECTED
08:04:58 | Dev=CMF Buds 2a | Conn=NO | Exe=YES | Proc=NO | NOT_CONNECTED
08:05:01 | Dev=CMF Buds 2a | Conn=NO | Exe=YES | Proc=NO | NOT_CONNECTED
08:05:04 | Dev=CMF Buds 2a | Conn=NO | Exe=YES | Proc=NO | NOT_CONNECTED
08:05:07 | Dev=CMF Buds 2a | Conn=NO | Exe=YES | Proc=NO | NOT_CONNECTED
08:05:10 | Dev=CMF Buds 2a | Conn=NO | Exe=YES | Proc=NO | NOT_CONNECTED
08:05:13 | Dev=CMF Buds 2a | Conn=NO | Exe=YES | Proc=NO | NOT_CONNECTED
08:05:16 | Dev=CMF Buds 2a | Conn=NO | Exe=YES | Proc=NO | NOT_CONNECTED
08:05:19 | Dev=CMF Buds 2a | Conn=NO | Exe=YES | Proc=NO | NOT_CONNECTED
08:05:22 | Dev=CMF Buds 2a | Conn=NO | Exe=YES | Proc=NO | NOT_CONNECTED
08:05:25 | Dev=CMF Buds 2a | Conn=NO | Exe=YES | Proc=NO | NOT_CONNECTED
08:05:28 | Dev=CMF Buds 2a | Conn=NO | Exe=YES | Proc=NO | NOT_CONNECTED
08:05:31 | Dev=CMF Buds 2a | Conn=NO | Exe=YES | Proc=NO | NOT_CONNECTED
08:05:34 | Dev=CMF Buds 2a | Conn=NO | Exe=YES | Proc=NO | NOT_CONNECTED
08:05:37 | Dev=CMF Buds 2a | Conn=NO | Exe=YES | Proc=NO | NOT_CONNECTED
08:05:40 | Dev=CMF Buds 2a | Conn=NO | Exe=YES | Proc=NO | NOT_CONNECTED
08:05:43 | Dev=CMF Buds 2a | Conn=NO | Exe=YES | Proc=NO | NOT_CONNECTED
08:05:46 | Dev=CMF Buds 2a | Conn=NO | Exe=YES | Proc=NO | NOT_CONNECTED
08:05:49 | Dev=CMF Buds 2a | Conn=NO | Exe=YES | Proc=NO | NOT_CONNECTED
08:05:52 | Dev=CMF Buds 2a | Conn=NO | Exe=YES | Proc=NO | NOT_CONNECTED
08:05:55 | Dev=CMF Buds 2a | Conn=NO | Exe=YES | Proc=NO | NOT_CONNECTED
08:05:58 | Dev=CMF Buds 2a | Conn=NO | Exe=YES | Proc=NO | NOT_CONNECTED
08:06:01 | Dev=CMF Buds 2a | Conn=NO | Exe=YES | Proc=NO | NOT_CONNECTED
08:06:04 | Dev=CMF Buds 2a | Conn=NO | Exe=YES | Proc=NO | NOT_CONNECTED
08:06:07 | Dev=CMF Buds 2a | Conn=NO | Exe=YES | Proc=NO | NOT_CONNECTED
08:06:10 | Dev=CMF Buds 2a | Conn=NO | Exe=YES | Proc=NO | NOT_CONNECTED
08:06:13 | Dev=CMF Buds 2a | Conn=NO | Exe=YES | Proc=NO | NOT_CONNECTED
08:06:16 | Dev=CMF Buds 2a | Conn=NO | Exe=YES | Proc=NO | NOT_CONNECTED
08:06:19 | Dev=CMF Buds 2a | Conn=NO | Exe=YES | Proc=NO | NOT_CONNECTED
08:06:22 | Dev=CMF Buds 2a | Conn=NO | Exe=YES | Proc=NO | NOT_CONNECTED
08:06:25 | Dev=CMF Buds 2a | Conn=NO | Exe=YES | Proc=NO | NOT_CONNECTED
08:06:28 | Dev=CMF Buds 2a | Conn=NO | Exe=YES | Proc=NO | NOT_CONNECTED
08:06:31 | Dev=CMF Buds 2a | Conn=NO | Exe=YES | Proc=NO | NOT_CONNECTED
08:06:34 | Dev=CMF Buds 2a | Conn=NO | Exe=YES | Proc=NO | NOT_CONNECTED
08:06:37 | Dev=CMF Buds 2a | Conn=YES | Exe=YES | Proc=NO | LAUNCHED
08:06:41 | Dev=CMF Buds 2a | Conn=YES | Exe=YES | Proc=YES | ALREADY_RUNNING
08:06:44 | Dev=CMF Buds 2a | Conn=YES | Exe=YES | Proc=YES | ALREADY_RUNNING
08:06:47 | Dev=CMF Buds 2a | Conn=YES | Exe=YES | Proc=YES | ALREADY_RUNNING
08:06:50 | Dev=CMF Buds 2a | Conn=YES | Exe=YES | Proc=YES | ALREADY_RUNNING
08:06:53 | Dev=CMF Buds 2a | Conn=YES | Exe=YES | Proc=YES | ALREADY_RUNNING
08:06:56 | Dev=CMF Buds 2a | Conn=YES | Exe=YES | Proc=YES | ALREADY_RUNNING
08:06:59 | Dev=CMF Buds 2a | Conn=YES | Exe=YES | Proc=YES | ALREADY_RUNNING
08:07:02 | Dev=CMF Buds 2a | Conn=YES | Exe=YES | Proc=YES | ALREADY_RUNNING
08:07:05 | Dev=CMF Buds 2a | Conn=YES | Exe=YES | Proc=YES | ALREADY_RUNNING
08:07:08 | Dev=CMF Buds 2a | Conn=NO | Exe=YES | Proc=YES | NOT_CONNECTED
08:07:11 | Dev=CMF Buds 2a | Conn=NO | Exe=YES | Proc=YES | NOT_CONNECTED
08:07:14 | Dev=CMF Buds 2a | Conn=NO | Exe=YES | Proc=YES | NOT_CONNECTED
08:07:17 | Dev=CMF Buds 2a | Conn=NO | Exe=YES | Proc=YES | NOT_CONNECTED
08:07:20 | Dev=CMF Buds 2a | Conn=NO | Exe=YES | Proc=YES | NOT_CONNECTED
08:07:23 | Dev=CMF Buds 2a | Conn=NO | Exe=YES | Proc=YES | NOT_CONNECTED
08:07:26 | Dev=CMF Buds 2a | Conn=NO | Exe=YES | Proc=YES | NOT_CONNECTED
08:07:29 | Dev=CMF Buds 2a | Conn=NO | Exe=YES | Proc=YES | NOT_CONNECTED
08:07:32 | Dev=CMF Buds 2a | Conn=NO | Exe=YES | Proc=YES | NOT_CONNECTED
08:07:35 | Dev=CMF Buds 2a | Conn=NO | Exe=YES | Proc=YES | NOT_CONNECTED
08:07:38 | Dev=CMF Buds 2a | Conn=NO | Exe=YES | Proc=YES | NOT_CONNECTED
08:07:41 | Dev=CMF Buds 2a | Conn=NO | Exe=YES | Proc=NO | NOT_CONNECTED
08:07:44 | Dev=CMF Buds 2a | Conn=NO | Exe=YES | Proc=NO | NOT_CONNECTED
08:07:47 | Dev=CMF Buds 2a | Conn=YES | Exe=YES | Proc=NO | LAUNCHED
08:07:50 | Dev=CMF Buds 2a | Conn=YES | Exe=YES | Proc=YES | ALREADY_RUNNING
08:07:53 | Dev=CMF Buds 2a | Conn=YES | Exe=YES | Proc=YES | ALREADY_RUNNING
08:07:56 | Dev=CMF Buds 2a | Conn=YES | Exe=YES | Proc=YES | ALREADY_RUNNING
08:07:59 | Dev=CMF Buds 2a | Conn=YES | Exe=YES | Proc=YES | ALREADY_RUNNING
08:08:02 | Dev=CMF Buds 2a | Conn=YES | Exe=YES | Proc=YES | ALREADY_RUNNING
08:08:05 | Dev=CMF Buds 2a | Conn=YES | Exe=YES | Proc=YES | ALREADY_RUNNING
08:08:08 | Dev=CMF Buds 2a | Conn=YES | Exe=YES | Proc=YES | ALREADY_RUNNING
08:08:11 | Dev=CMF Buds 2a | Conn=YES | Exe=YES | Proc=YES | ALREADY_RUNNING
08:08:14 | Dev=CMF Buds 2a | Conn=YES | Exe=YES | Proc=YES | ALREADY_RUNNING
08:08:17 | Dev=CMF Buds 2a | Conn=YES | Exe=YES | Proc=YES | ALREADY_RUNNING
08:08:20 | Dev=CMF Buds 2a | Conn=YES | Exe=YES | Proc=YES | ALREADY_RUNNING
08:08:23 | Dev=CMF Buds 2a | Conn=YES | Exe=YES | Proc=YES | ALREADY_RUNNING
08:08:26 | Dev=CMF Buds 2a | Conn=YES | Exe=YES | Proc=YES | ALREADY_RUNNING
08:08:29 | Dev=CMF Buds 2a | Conn=YES | Exe=YES | Proc=YES | ALREADY_RUNNING
08:08:32 | Dev=CMF Buds 2a | Conn=YES | Exe=YES | Proc=YES | ALREADY_RUNNING
08:08:35 | Dev=CMF Buds 2a | Conn=YES | Exe=YES | Proc=YES | ALREADY_RUNNING
08:08:38 | Dev=CMF Buds 2a | Conn=YES | Exe=YES | Proc=YES | ALREADY_RUNNING
08:08:41 | Dev=CMF Buds 2a | Conn=YES | Exe=YES | Proc=YES | ALREADY_RUNNING
08:08:44 | Dev=CMF Buds 2a | Conn=YES | Exe=YES | Proc=YES | ALREADY_RUNNING
08:08:47 | Dev=CMF Buds 2a | Conn=YES | Exe=YES | Proc=YES | ALREADY_RUNNING
08:08:50 | Dev=CMF Buds 2a | Conn=YES | Exe=YES | Proc=YES | ALREADY_RUNNING
08:08:53 | Dev=CMF Buds 2a | Conn=YES | Exe=YES | Proc=YES | ALREADY_RUNNING
08:08:56 | Dev=CMF Buds 2a | Conn=YES | Exe=YES | Proc=YES | ALREADY_RUNNING
08:08:59 | Dev=CMF Buds 2a | Conn=YES | Exe=YES | Proc=YES | ALREADY_RUNNING
08:09:02 | Dev=CMF Buds 2a | Conn=YES | Exe=YES | Proc=YES | ALREADY_RUNNING
08:09:05 | Dev=CMF Buds 2a | Conn=YES | Exe=YES | Proc=YES | ALREADY_RUNNING
08:09:08 | Dev=CMF Buds 2a | Conn=YES | Exe=YES | Proc=YES | ALREADY_RUNNING
08:09:11 | Dev=CMF Buds 2a | Conn=YES | Exe=YES | Proc=YES | ALREADY_RUNNING
08:09:14 | Dev=CMF Buds 2a | Conn=YES | Exe=YES | Proc=YES | ALREADY_RUNNING
08:09:17 | Dev=CMF Buds 2a | Conn=YES | Exe=YES | Proc=YES | ALREADY_RUNNING
08:09:20 | Dev=CMF Buds 2a | Conn=YES | Exe=YES | Proc=YES | ALREADY_RUNNING
08:09:23 | Dev=CMF Buds 2a | Conn=YES | Exe=YES | Proc=YES | ALREADY_RUNNING
08:09:26 | Dev=CMF Buds 2a | Conn=YES | Exe=YES | Proc=YES | ALREADY_RUNNING
08:09:29 | Dev=CMF Buds 2a | Conn=YES | Exe=YES | Proc=YES | ALREADY_RUNNING
08:09:32 | Dev=CMF Buds 2a | Conn=YES | Exe=YES | Proc=YES | ALREADY_RUNNING
08:09:35 | Dev=CMF Buds 2a | Conn=YES | Exe=YES | Proc=YES | ALREADY_RUNNING
08:09:38 | Dev=CMF Buds 2a | Conn=YES | Exe=YES | Proc=YES | ALREADY_RUNNING
08:09:41 | Dev=CMF Buds 2a | Conn=YES | Exe=YES | Proc=YES | ALREADY_RUNNING
08:09:44 | Dev=CMF Buds 2a | Conn=YES | Exe=YES | Proc=YES | ALREADY_RUNNING
08:09:47 | Dev=CMF Buds 2a | Conn=YES | Exe=YES | Proc=YES | ALREADY_RUNNING
08:09:50 | Dev=CMF Buds 2a | Conn=YES | Exe=YES | Proc=YES | ALREADY_RUNNING
08:09:53 | Dev=CMF Buds 2a | Conn=YES | Exe=YES | Proc=YES | ALREADY_RUNNING
08:09:56 | Dev=CMF Buds 2a | Conn=YES | Exe=YES | Proc=YES | ALREADY_RUNNING
08:09:59 | Dev=CMF Buds 2a | Conn=YES | Exe=YES | Proc=YES | ALREADY_RUNNING
08:10:02 | Dev=CMF Buds 2a | Conn=YES | Exe=YES | Proc=YES | ALREADY_RUNNING
08:10:05 | Dev=CMF Buds 2a | Conn=YES | Exe=YES | Proc=YES | ALREADY_RUNNING
08:10:08 | Dev=CMF Buds 2a | Conn=YES | Exe=YES | Proc=YES | ALREADY_RUNNING
08:10:11 | Dev=CMF Buds 2a | Conn=YES | Exe=YES | Proc=YES | ALREADY_RUNNING
08:10:14 | Dev=CMF Buds 2a | Conn=YES | Exe=YES | Proc=YES | ALREADY_RUNNING
08:10:17 | Dev=CMF Buds 2a | Conn=YES | Exe=YES | Proc=YES | ALREADY_RUNNING
08:10:20 | Dev=CMF Buds 2a | Conn=YES | Exe=YES | Proc=YES | ALREADY_RUNNING
08:10:23 | Dev=CMF Buds 2a | Conn=YES | Exe=YES | Proc=YES | ALREADY_RUNNING
08:10:26 | Dev=CMF Buds 2a | Conn=YES | Exe=YES | Proc=YES | ALREADY_RUNNING
08:10:29 | Dev=CMF Buds 2a | Conn=YES | Exe=YES | Proc=YES | ALREADY_RUNNING
08:10:32 | Dev=CMF Buds 2a | Conn=YES | Exe=YES | Proc=YES | ALREADY_RUNNING
08:10:35 | Dev=CMF Buds 2a | Conn=YES | Exe=YES | Proc=YES | ALREADY_RUNNING
08:10:38 | Dev=CMF Buds 2a | Conn=YES | Exe=YES | Proc=YES | ALREADY_RUNNING
08:10:41 | Dev=CMF Buds 2a | Conn=YES | Exe=YES | Proc=YES | ALREADY_RUNNING
08:10:44 | Dev=CMF Buds 2a | Conn=YES | Exe=YES | Proc=YES | ALREADY_RUNNING
08:10:47 | Dev=CMF Buds 2a | Conn=YES | Exe=YES | Proc=YES | ALREADY_RUNNING
08:10:50 | Dev=CMF Buds 2a | Conn=YES | Exe=YES | Proc=YES | ALREADY_RUNNING
08:10:53 | Dev=CMF Buds 2a | Conn=YES | Exe=YES | Proc=NO | LAUNCHED
08:10:56 | Dev=CMF Buds 2a | Conn=YES | Exe=YES | Proc=YES | ALREADY_RUNNING
08:10:59 | Dev=CMF Buds 2a | Conn=YES | Exe=YES | Proc=YES | ALREADY_RUNNING
08:11:02 | Dev=CMF Buds 2a | Conn=YES | Exe=YES | Proc=YES | ALREADY_RUNNING
08:11:05 | Dev=CMF Buds 2a | Conn=YES | Exe=YES | Proc=YES | ALREADY_RUNNING
08:11:08 | Dev=CMF Buds 2a | Conn=YES | Exe=YES | Proc=YES | ALREADY_RUNNING
08:11:11 | Dev=CMF Buds 2a | Conn=YES | Exe=YES | Proc=YES | ALREADY_RUNNING
08:11:14 | Dev=CMF Buds 2a | Conn=YES | Exe=YES | Proc=YES | ALREADY_RUNNING
08:11:17 | Dev=CMF Buds 2a | Conn=YES | Exe=YES | Proc=YES | ALREADY_RUNNING
08:11:20 | Dev=CMF Buds 2a | Conn=YES | Exe=YES | Proc=YES | ALREADY_RUNNING
08:11:23 | Dev=CMF Buds 2a | Conn=YES | Exe=YES | Proc=YES | ALREADY_RUNNING
08:11:26 | Dev=CMF Buds 2a | Conn=YES | Exe=YES | Proc=YES | ALREADY_RUNNING
08:11:29 | Dev=CMF Buds 2a | Conn=YES | Exe=YES | Proc=YES | ALREADY_RUNNING
08:11:32 | Dev=CMF Buds 2a | Conn=YES | Exe=YES | Proc=YES | ALREADY_RUNNING
08:11:35 | Dev=CMF Buds 2a | Conn=YES | Exe=YES | Proc=YES | ALREADY_RUNNING
08:11:38 | Dev=CMF Buds 2a | Conn=YES | Exe=YES | Proc=YES | ALREADY_RUNNING
08:11:41 | Dev=CMF Buds 2a | Conn=YES | Exe=YES | Proc=YES | ALREADY_RUNNING
08:11:44 | Dev=CMF Buds 2a | Conn=YES | Exe=YES | Proc=YES | ALREADY_RUNNING
08:11:47 | Dev=CMF Buds 2a | Conn=YES | Exe=YES | Proc=YES | ALREADY_RUNNING
08:11:50 | Dev=CMF Buds 2a | Conn=YES | Exe=YES | Proc=YES | ALREADY_RUNNING
08:11:53 | Dev=CMF Buds 2a | Conn=YES | Exe=YES | Proc=YES | ALREADY_RUNNING
08:11:56 | Dev=CMF Buds 2a | Conn=YES | Exe=YES | Proc=YES | ALREADY_RUNNING
08:11:59 | Dev=CMF Buds 2a | Conn=YES | Exe=YES | Proc=YES | ALREADY_RUNNING
08:12:02 | Dev=CMF Buds 2a | Conn=YES | Exe=YES | Proc=YES | ALREADY_RUNNING
08:12:05 | Dev=CMF Buds 2a | Conn=YES | Exe=YES | Proc=YES | ALREADY_RUNNING
08:12:08 | Dev=CMF Buds 2a | Conn=YES | Exe=YES | Proc=YES | ALREADY_RUNNING
08:12:11 | Dev=CMF Buds 2a | Conn=YES | Exe=YES | Proc=YES | ALREADY_RUNNING
08:12:14 | Dev=CMF Buds 2a | Conn=YES | Exe=YES | Proc=YES | ALREADY_RUNNING
08:12:17 | Dev=CMF Buds 2a | Conn=YES | Exe=YES | Proc=YES | ALREADY_RUNNING
08:12:20 | Dev=CMF Buds 2a | Conn=YES | Exe=YES | Proc=YES | ALREADY_RUNNING
08:12:23 | Dev=CMF Buds 2a | Conn=YES | Exe=YES | Proc=YES | ALREADY_RUNNING
08:12:26 | Dev=CMF Buds 2a | Conn=YES | Exe=YES | Proc=YES | ALREADY_RUNNING
08:12:29 | Dev=CMF Buds 2a | Conn=YES | Exe=YES | Proc=YES | ALREADY_RUNNING
08:12:32 | Dev=CMF Buds 2a | Conn=YES | Exe=YES | Proc=YES | ALREADY_RUNNING
08:12:35 | Dev=CMF Buds 2a | Conn=YES | Exe=YES | Proc=YES | ALREADY_RUNNING
08:12:38 | Dev=CMF Buds 2a | Conn=YES | Exe=YES | Proc=YES | ALREADY_RUNNING
08:12:41 | Dev=CMF Buds 2a | Conn=YES | Exe=YES | Proc=YES | ALREADY_RUNNING
08:12:44 | Dev=CMF Buds 2a | Conn=YES | Exe=YES | Proc=YES | ALREADY_RUNNING
08:12:47 | Dev=CMF Buds 2a | Conn=YES | Exe=YES | Proc=YES | ALREADY_RUNNING
08:12:50 | Dev=CMF Buds 2a | Conn=YES | Exe=YES | Proc=YES | ALREADY_RUNNING
08:12:53 | Dev=CMF Buds 2a | Conn=YES | Exe=YES | Proc=YES | ALREADY_RUNNING
08:12:56 | Dev=CMF Buds 2a | Conn=YES | Exe=YES | Proc=YES | ALREADY_RUNNING
08:12:59 | Dev=CMF Buds 2a | Conn=YES | Exe=YES | Proc=YES | ALREADY_RUNNING
08:13:02 | Dev=CMF Buds 2a | Conn=YES | Exe=YES | Proc=YES | ALREADY_RUNNING
08:13:05 | Dev=CMF Buds 2a | Conn=YES | Exe=YES | Proc=YES | ALREADY_RUNNING
08:13:08 | Dev=CMF Buds 2a | Conn=NO | Exe=YES | Proc=YES | NOT_CONNECTED
08:13:11 | Dev=CMF Buds 2a | Conn=NO | Exe=YES | Proc=YES | NOT_CONNECTED
08:13:14 | Dev=CMF Buds 2a | Conn=NO | Exe=YES | Proc=YES | NOT_CONNECTED
08:13:17 | Dev=CMF Buds 2a | Conn=NO | Exe=YES | Proc=YES | NOT_CONNECTED
08:13:20 | Dev=CMF Buds 2a | Conn=NO | Exe=YES | Proc=YES | NOT_CONNECTED
08:13:23 | Dev=CMF Buds 2a | Conn=NO | Exe=YES | Proc=YES | NOT_CONNECTED
08:13:26 | Dev=CMF Buds 2a | Conn=NO | Exe=YES | Proc=YES | NOT_CONNECTED
08:13:29 | Dev=CMF Buds 2a | Conn=NO | Exe=YES | Proc=YES | NOT_CONNECTED
08:13:32 | Dev=CMF Buds 2a | Conn=NO | Exe=YES | Proc=YES | NOT_CONNECTED
08:13:35 | Dev=CMF Buds 2a | Conn=NO | Exe=YES | Proc=YES | NOT_CONNECTED
08:13:38 | Dev=CMF Buds 2a | Conn=NO | Exe=YES | Proc=YES | NOT_CONNECTED
08:13:41 | Dev=CMF Buds 2a | Conn=NO | Exe=YES | Proc=YES | NOT_CONNECTED
08:13:44 | Dev=CMF Buds 2a | Conn=NO | Exe=YES | Proc=YES | NOT_CONNECTED
08:13:47 | Dev=CMF Buds 2a | Conn=NO | Exe=YES | Proc=YES | NOT_CONNECTED
08:13:50 | Dev=CMF Buds 2a | Conn=NO | Exe=YES | Proc=YES | NOT_CONNECTED
08:13:53 | Dev=CMF Buds 2a | Conn=NO | Exe=YES | Proc=YES | NOT_CONNECTED
08:13:56 | Dev=CMF Buds 2a | Conn=NO | Exe=YES | Proc=YES | NOT_CONNECTED
08:13:59 | Dev=CMF Buds 2a | Conn=NO | Exe=YES | Proc=YES | NOT_CONNECTED
08:14:02 | Dev=CMF Buds 2a | Conn=NO | Exe=YES | Proc=YES | NOT_CONNECTED
08:14:05 | Dev=CMF Buds 2a | Conn=NO | Exe=YES | Proc=NO | NOT_CONNECTED
08:14:08 | Dev=CMF Buds 2a | Conn=NO | Exe=YES | Proc=NO | NOT_CONNECTED
08:14:11 | Dev=CMF Buds 2a | Conn=NO | Exe=YES | Proc=NO | NOT_CONNECTED
08:14:14 | Dev=CMF Buds 2a | Conn=NO | Exe=YES | Proc=NO | NOT_CONNECTED
08:14:17 | Dev=CMF Buds 2a | Conn=NO | Exe=YES | Proc=NO | NOT_CONNECTED
08:14:20 | Dev=CMF Buds 2a | Conn=NO | Exe=YES | Proc=NO | NOT_CONNECTED
08:14:23 | Dev=CMF Buds 2a | Conn=NO | Exe=YES | Proc=NO | NOT_CONNECTED
08:14:26 | Dev=CMF Buds 2a | Conn=NO | Exe=YES | Proc=NO | NOT_CONNECTED
08:14:29 | Dev=CMF Buds 2a | Conn=NO | Exe=YES | Proc=NO | NOT_CONNECTED
08:14:32 | Dev=CMF Buds 2a | Conn=NO | Exe=YES | Proc=NO | NOT_CONNECTED
08:14:35 | Dev=CMF Buds 2a | Conn=NO | Exe=YES | Proc=NO | NOT_CONNECTED
08:14:38 | Dev=CMF Buds 2a | Conn=NO | Exe=YES | Proc=NO | NOT_CONNECTED
08:14:41 | Dev=CMF Buds 2a | Conn=NO | Exe=YES | Proc=NO | NOT_CONNECTED
08:14:44 | Dev=CMF Buds 2a | Conn=NO | Exe=YES | Proc=NO | NOT_CONNECTED
08:14:47 | Dev=CMF Buds 2a | Conn=NO | Exe=YES | Proc=NO | NOT_CONNECTED
08:14:50 | Dev=CMF Buds 2a | Conn=NO | Exe=YES | Proc=NO | NOT_CONNECTED
08:14:53 | Dev=CMF Buds 2a | Conn=NO | Exe=YES | Proc=NO | NOT_CONNECTED
08:14:56 | Dev=CMF Buds 2a | Conn=NO | Exe=YES | Proc=NO | NOT_CONNECTED
08:14:59 | Dev=CMF Buds 2a | Conn=NO | Exe=YES | Proc=NO | NOT_CONNECTED
08:15:02 | Dev=CMF Buds 2a | Conn=NO | Exe=YES | Proc=NO | NOT_CONNECTED
08:15:05 | Dev=CMF Buds 2a | Conn=NO | Exe=YES | Proc=NO | NOT_CONNECTED
08:15:08 | Dev=CMF Buds 2a | Conn=NO | Exe=YES | Proc=NO | NOT_CONNECTED
08:15:11 | Dev=CMF Buds 2a | Conn=NO | Exe=YES | Proc=NO | NOT_CONNECTED
08:15:14 | Dev=CMF Buds 2a | Conn=NO | Exe=YES | Proc=NO | NOT_CONNECTED
08:15:17 | Dev=CMF Buds 2a | Conn=NO | Exe=YES | Proc=NO | NOT_CONNECTED
08:15:20 | Dev=CMF Buds 2a | Conn=NO | Exe=YES | Proc=NO | NOT_CONNECTED
08:15:23 | Dev=CMF Buds 2a | Conn=NO | Exe=YES | Proc=NO | NOT_CONNECTED
08:15:26 | Dev=CMF Buds 2a | Conn=NO | Exe=YES | Proc=NO | NOT_CONNECTED
08:15:29 | Dev=CMF Buds 2a | Conn=NO | Exe=YES | Proc=NO | NOT_CONNECTED
08:15:32 | Dev=CMF Buds 2a | Conn=NO | Exe=YES | Proc=NO | NOT_CONNECTED
08:15:35 | Dev=CMF Buds 2a | Conn=NO | Exe=YES | Proc=YES | NOT_CONNECTED
08:15:38 | Dev=CMF Buds 2a | Conn=NO | Exe=YES | Proc=YES | NOT_CONNECTED
08:15:41 | Dev=CMF Buds 2a | Conn=NO | Exe=YES | Proc=YES | NOT_CONNECTED
08:15:44 | Dev=CMF Buds 2a | Conn=NO | Exe=YES | Proc=YES | NOT_CONNECTED
08:15:47 | Dev=CMF Buds 2a | Conn=NO | Exe=YES | Proc=YES | NOT_CONNECTED
08:15:50 | Dev=CMF Buds 2a | Conn=NO | Exe=YES | Proc=YES | NOT_CONNECTED
08:15:53 | Dev=CMF Buds 2a | Conn=NO | Exe=YES | Proc=YES | NOT_CONNECTED
08:15:56 | Dev=CMF Buds 2a | Conn=NO | Exe=YES | Proc=YES | NOT_CONNECTED
08:15:59 | Dev=CMF Buds 2a | Conn=NO | Exe=YES | Proc=YES | NOT_CONNECTED
08:16:02 | Dev=CMF Buds 2a | Conn=NO | Exe=YES | Proc=YES | NOT_CONNECTED
08:16:05 | Dev=CMF Buds 2a | Conn=NO | Exe=YES | Proc=YES | NOT_CONNECTED
08:16:08 | Dev=CMF Buds 2a | Conn=NO | Exe=YES | Proc=YES | NOT_CONNECTED
08:16:11 | Dev=CMF Buds 2a | Conn=NO | Exe=YES | Proc=YES | NOT_CONNECTED
